# JRE version: OpenJDK Runtime Environment (8.0_152-b01) (build 1.8.0_152-release-1248-b01)
# Java VM: OpenJDK 64-Bit Server VM (25.152-b01 mixed mode windows-amd64 compressed oops)
Heap:
 PSYoungGen      total 143360K, used 57439K [0x00000000f5580000, 0x0000000100000000, 0x0000000100000000)
  eden space 120320K, 28% used [0x00000000f5580000,0x00000000f7718318,0x00000000fcb00000)
  from space 23040K, 99% used [0x00000000fe980000,0x00000000fffffc80,0x0000000100000000)
  to   space 27136K, 0% used [0x00000000fcb00000,0x00000000fcb00000,0x00000000fe580000)
 ParOldGen       total 123904K, used 64949K [0x00000000e0000000, 0x00000000e7900000, 0x00000000f5580000)
  object space 123904K, 52% used [0x00000000e0000000,0x00000000e3f6d7c0,0x00000000e7900000)
 Metaspace       used 73147K, capacity 75482K, committed 75648K, reserved 1114112K
  class space    used 9449K, capacity 10076K, committed 10112K, reserved 1048576K
GC Heap History (10 events):
Event: 54.066 GC heap before
{Heap before GC invocations=19 (full 3):
 PSYoungGen      total 143872K, used 142912K [0x00000000f5580000, 0x0000000100000000, 0x0000000100000000)
  eden space 130048K, 100% used [0x00000000f5580000,0x00000000fd480000,0x00000000fd480000)
  from space 13824K, 93% used [0x00000000fd480000,0x00000000fe110218,0x00000000fe200000)
  to   space 15360K, 0% used [0x00000000ff100000,0x00000000ff100000,0x0000000100000000)
 ParOldGen       total 123904K, used 32743K [0x00000000e0000000, 0x00000000e7900000, 0x00000000f5580000)
  object space 123904K, 26% used [0x00000000e0000000,0x00000000e1ff9d60,0x00000000e7900000)
 Metaspace       used 67773K, capacity 69742K, committed 70016K, reserved 1110016K
  class space    used 9050K, capacity 9529K, committed 9600K, reserved 1048576K
Event: 54.086 GC heap after
Heap after GC invocations=19 (full 3):
 PSYoungGen      total 153088K, used 15352K [0x00000000f5580000, 0x0000000100000000, 0x0000000100000000)
  eden space 137728K, 0% used [0x00000000f5580000,0x00000000f5580000,0x00000000fdc00000)
  from space 15360K, 99% used [0x00000000ff100000,0x00000000ffffe340,0x0000000100000000)
  to   space 18432K, 0% used [0x00000000fdc00000,0x00000000fdc00000,0x00000000fee00000)
 ParOldGen       total 123904K, used 35157K [0x00000000e0000000, 0x00000000e7900000, 0x00000000f5580000)
  object space 123904K, 28% used [0x00000000e0000000,0x00000000e2255448,0x00000000e7900000)
 Metaspace       used 67773K, capacity 69742K, committed 70016K, reserved 1110016K
  class space    used 9050K, capacity 9529K, committed 9600K, reserved 1048576K
}
Event: 54.530 GC heap before
{Heap before GC invocations=20 (full 3):
 PSYoungGen      total 153088K, used 153080K [0x00000000f5580000, 0x0000000100000000, 0x0000000100000000)
  eden space 137728K, 100% used [0x00000000f5580000,0x00000000fdc00000,0x00000000fdc00000)
  from space 15360K, 99% used [0x00000000ff100000,0x00000000ffffe340,0x0000000100000000)
  to   space 18432K, 0% used [0x00000000fdc00000,0x00000000fdc00000,0x00000000fee00000)
 ParOldGen       total 123904K, used 35157K [0x00000000e0000000, 0x00000000e7900000, 0x00000000f5580000)
  object space 123904K, 28% used [0x00000000e0000000,0x00000000e2255448,0x00000000e7900000)
 Metaspace       used 67801K, capacity 69742K, committed 70016K, reserved 1110016K
  class space    used 9050K, capacity 9529K, committed 9600K, reserved 1048576K
Event: 54.547 GC heap after
Heap after GC invocations=20 (full 3):
 PSYoungGen      total 156160K, used 11038K [0x00000000f5580000, 0x0000000100000000, 0x0000000100000000)
  eden space 137728K, 0% used [0x00000000f5580000,0x00000000f5580000,0x00000000fdc00000)
  from space 18432K, 59% used [0x00000000fdc00000,0x00000000fe6c7910,0x00000000fee00000)
  to   space 18432K, 0% used [0x00000000fee00000,0x00000000fee00000,0x0000000100000000)
 ParOldGen       total 123904K, used 47808K [0x00000000e0000000, 0x00000000e7900000, 0x00000000f5580000)
  object space 123904K, 38% used [0x00000000e0000000,0x00000000e2eb0240,0x00000000e7900000)
 Metaspace       used 67801K, capacity 69742K, committed 70016K, reserved 1110016K
  class space    used 9050K, capacity 9529K, committed 9600K, reserved 1048576K
}
Event: 119.120 GC heap before
{Heap before GC invocations=21 (full 3):
 PSYoungGen      total 156160K, used 148766K [0x00000000f5580000, 0x0000000100000000, 0x0000000100000000)
  eden space 137728K, 100% used [0x00000000f5580000,0x00000000fdc00000,0x00000000fdc00000)
  from space 18432K, 59% used [0x00000000fdc00000,0x00000000fe6c7910,0x00000000fee00000)
  to   space 18432K, 0% used [0x00000000fee00000,0x00000000fee00000,0x0000000100000000)
 ParOldGen       total 123904K, used 47808K [0x00000000e0000000, 0x00000000e7900000, 0x00000000f5580000)
  object space 123904K, 38% used [0x00000000e0000000,0x00000000e2eb0240,0x00000000e7900000)
 Metaspace       used 72097K, capacity 74320K, committed 74496K, reserved 1114112K
  class space    used 9371K, capacity 9931K, committed 9984K, reserved 1048576K
Event: 119.136 GC heap after
Heap after GC invocations=21 (full 3):
 PSYoungGen      total 145920K, used 18427K [0x00000000f5580000, 0x0000000100000000, 0x0000000100000000)
  eden space 127488K, 0% used [0x00000000f5580000,0x00000000f5580000,0x00000000fd200000)
  from space 18432K, 99% used [0x00000000fee00000,0x00000000ffffede0,0x0000000100000000)
  to   space 23552K, 0% used [0x00000000fd200000,0x00000000fd200000,0x00000000fe900000)
 ParOldGen       total 123904K, used 54994K [0x00000000e0000000, 0x00000000e7900000, 0x00000000f5580000)
  object space 123904K, 44% used [0x00000000e0000000,0x00000000e35b4ae0,0x00000000e7900000)
 Metaspace       used 72097K, capacity 74320K, committed 74496K, reserved 1114112K
  class space    used 9371K, capacity 9931K, committed 9984K, reserved 1048576K
}
Event: 119.482 GC heap before
{Heap before GC invocations=22 (full 3):
 PSYoungGen      total 145920K, used 145915K [0x00000000f5580000, 0x0000000100000000, 0x0000000100000000)
  eden space 127488K, 100% used [0x00000000f5580000,0x00000000fd200000,0x00000000fd200000)
  from space 18432K, 99% used [0x00000000fee00000,0x00000000ffffede0,0x0000000100000000)
  to   space 23552K, 0% used [0x00000000fd200000,0x00000000fd200000,0x00000000fe900000)
 ParOldGen       total 123904K, used 54994K [0x00000000e0000000, 0x00000000e7900000, 0x00000000f5580000)
  object space 123904K, 44% used [0x00000000e0000000,0x00000000e35b4ae0,0x00000000e7900000)
 Metaspace       used 72100K, capacity 74320K, committed 74496K, reserved 1114112K
  class space    used 9371K, capacity 9931K, committed 9984K, reserved 1048576K
Event: 119.490 GC heap after
Heap after GC invocations=22 (full 3):
 PSYoungGen      total 151040K, used 6290K [0x00000000f5580000, 0x0000000100000000, 0x0000000100000000)
  eden space 127488K, 0% used [0x00000000f5580000,0x00000000f5580000,0x00000000fd200000)
  from space 23552K, 26% used [0x00000000fd200000,0x00000000fd824810,0x00000000fe900000)
  to   space 23040K, 0% used [0x00000000fe980000,0x00000000fe980000,0x0000000100000000)
 ParOldGen       total 123904K, used 63080K [0x00000000e0000000, 0x00000000e7900000, 0x00000000f5580000)
  object space 123904K, 50% used [0x00000000e0000000,0x00000000e3d9a1e0,0x00000000e7900000)
 Metaspace       used 72100K, capacity 74320K, committed 74496K, reserved 1114112K
  class space    used 9371K, capacity 9931K, committed 9984K, reserved 1048576K
}
Event: 132.187 GC heap before
{Heap before GC invocations=23 (full 3):
 PSYoungGen      total 151040K, used 133778K [0x00000000f5580000, 0x0000000100000000, 0x0000000100000000)
  eden space 127488K, 100% used [0x00000000f5580000,0x00000000fd200000,0x00000000fd200000)
  from space 23552K, 26% used [0x00000000fd200000,0x00000000fd824810,0x00000000fe900000)
  to   space 23040K, 0% used [0x00000000fe980000,0x00000000fe980000,0x0000000100000000)
 ParOldGen       total 123904K, used 63080K [0x00000000e0000000, 0x00000000e7900000, 0x00000000f5580000)
  object space 123904K, 50% used [0x00000000e0000000,0x00000000e3d9a1e0,0x00000000e7900000)
 Metaspace       used 72607K, capacity 74890K, committed 75008K, reserved 1114112K
  class space    used 9411K, capacity 9981K, committed 9984K, reserved 1048576K
Event: 132.208 GC heap after
Heap after GC invocations=23 (full 3):
 PSYoungGen      total 143360K, used 23039K [0x00000000f5580000, 0x0000000100000000, 0x0000000100000000)
  eden space 120320K, 0% used [0x00000000f5580000,0x00000000f5580000,0x00000000fcb00000)
  from space 23040K, 99% used [0x00000000fe980000,0x00000000fffffc80,0x0000000100000000)
  to   space 27136K, 0% used [0x00000000fcb00000,0x00000000fcb00000,0x00000000fe580000)
 ParOldGen       total 123904K, used 64949K [0x00000000e0000000, 0x00000000e7900000, 0x00000000f5580000)
  object space 123904K, 52% used [0x00000000e0000000,0x00000000e3f6d7c0,0x00000000e7900000)
 Metaspace       used 72607K, capacity 74890K, committed 75008K, reserved 1114112K
  class space    used 9411K, capacity 9981K, committed 9984K, reserved 1048576K
}

